#
# There is insufficient memory for the Java Runtime Environment to continue.
# Native memory allocation (malloc) failed to allocate 2012768 bytes for Chunk::new
# Possible reasons:
#   The system is out of physical RAM or swap space
#   The process is running with CompressedOops enabled, and the Java Heap may be blocking the growth of the native heap
# Possible solutions:
#   Reduce memory load on the system
#   Increase physical memory or swap space
#   Check if swap backing store is full
#   Decrease Java heap size (-Xmx/-Xms)
#   Decrease number of Java threads
#   Decrease Java thread stack sizes (-Xss)
#   Set larger code cache with -XX:ReservedCodeCacheSize=
#   JVM is running with Unscaled Compressed Oops mode in which the Java heap is
#     placed in the first 4GB address space. The Java Heap base address is the
#     maximum limit for the native heap growth. Please use -XX:HeapBaseMinAddress
#     to set the Java Heap base and to place the Java Heap above 4GB virtual address.
# This output file may be truncated or incomplete.
#
#  Out of Memory Error (allocation.cpp:389), pid=3284, tid=0x0000000000001c4c
#
# JRE version: Java(TM) SE Runtime Environment (8.0_251-b08) (build 1.8.0_251-b08)
# Java VM: Java HotSpot(TM) 64-Bit Server VM (25.251-b08 mixed mode windows-amd64 compressed oops)
# Failed to write core dump. Minidumps are not enabled by default on client versions of Windows
#

---------------  T H R E A D  ---------------

Current thread (0x00000000156d7800):  JavaThread "C2 CompilerThread0" daemon [_thread_in_native, id=7244, stack(0x0000000016d40000,0x0000000016e40000)]

Stack: [0x0000000016d40000,0x0000000016e40000]
[error occurred during error reporting (printing stack bounds), id 0xc0000005]

Native frames: (J=compiled Java code, j=interpreted, Vv=VM code, C=native code)


Current CompileTask:
C2: 517133 3476   !   4       org.eclipse.jdt.internal.core.NameLookup::seekTypesInBinaryPackage (393 bytes)


---------------  P R O C E S S  ---------------

Java Threads: ( => current thread )
  0x000000001893d000 JavaThread "ForkJoinPool.commonPool-worker-1" daemon [_thread_blocked, id=4888, stack(0x0000000001350000,0x0000000001450000)]
  0x000000001893c000 JavaThread "ForkJoinPool.commonPool-worker-2" daemon [_thread_in_Java, id=3084, stack(0x0000000001250000,0x0000000001350000)]
  0x0000000018939000 JavaThread "Worker-2" [_thread_blocked, id=6052, stack(0x000000001a7b0000,0x000000001a8b0000)]
  0x000000001887c800 JavaThread "pool-1-thread-1" [_thread_in_native, id=8212, stack(0x000000001a2b0000,0x000000001a3b0000)]
  0x0000000017a49800 JavaThread "Worker-0" [_thread_blocked, id=10316, stack(0x0000000019ab0000,0x0000000019bb0000)]
  0x0000000017dae000 JavaThread "Worker-JM" [_thread_blocked, id=8004, stack(0x00000000199b0000,0x0000000019ab0000)]
  0x0000000017ed6000 JavaThread "Start Level: Equinox Container: 9f9e600b-834f-4f5d-88ad-219af69d5b29" daemon [_thread_blocked, id=10496, stack(0x00000000184e0000,0x00000000185e0000)]
  0x0000000017e86000 JavaThread "Framework Event Dispatcher: Equinox Container: 9f9e600b-834f-4f5d-88ad-219af69d5b29" daemon [_thread_blocked, id=6036, stack(0x00000000183e0000,0x00000000184e0000)]
  0x000000001795a800 JavaThread "Active Thread: Equinox Container: 9f9e600b-834f-4f5d-88ad-219af69d5b29" [_thread_blocked, id=7212, stack(0x00000000182e0000,0x00000000183e0000)]
  0x0000000016e50000 JavaThread "Service Thread" daemon [_thread_blocked, id=10588, stack(0x0000000017440000,0x0000000017540000)]
  0x0000000016e42800 JavaThread "C1 CompilerThread2" daemon [_thread_blocked, id=4452, stack(0x0000000017340000,0x0000000017440000)]
  0x000000001572e000 JavaThread "C2 CompilerThread1" daemon [_thread_in_native, id=5368, stack(0x0000000017240000,0x0000000017340000)]
=>0x00000000156d7800 JavaThread "C2 CompilerThread0" daemon [_thread_in_native, id=7244, stack(0x0000000016d40000,0x0000000016e40000)]
  0x00000000156d4000 JavaThread "Attach Listener" daemon [_thread_blocked, id=1096, stack(0x0000000016c40000,0x0000000016d40000)]
  0x00000000156d2800 JavaThread "Signal Dispatcher" daemon [_thread_blocked, id=864, stack(0x0000000016b40000,0x0000000016c40000)]
  0x00000000156b9800 JavaThread "Finalizer" daemon [_thread_blocked, id=7208, stack(0x0000000016930000,0x0000000016a30000)]
  0x0000000002ff1800 JavaThread "Reference Handler" daemon [_thread_blocked, id=3000, stack(0x0000000016830000,0x0000000016930000)]
  0x0000000002f02800 JavaThread "main" [_thread_blocked, id=2876, stack(0x0000000002e00000,0x0000000002f00000)]

Other Threads:
  0x0000000015697800 VMThread [stack: 0x0000000016730000,0x0000000016830000] [id=2708]
  0x0000000016e46800 WatcherThread [stack: 0x0000000017540000,0x0000000017640000] [id=5408]

VM state:not at safepoint (normal execution)

VM Mutex/Monitor currently owned by a thread: None

heap address: 0x00000000c0000000, size: 1024 MB, Compressed Oops mode: 32-bit
Narrow klass base: 0x0000000000000000, Narrow klass shift: 3
Compressed class space size: 1073741824 Address: 0x0000000100000000

Heap:
 PSYoungGen      total 29696K, used 420K [0x00000000eab00000, 0x00000000ed080000, 0x0000000100000000)
  eden space 24064K, 1% used [0x00000000eab00000,0x00000000eab69118,0x00000000ec280000)
  from space 5632K, 0% used [0x00000000ec300000,0x00000000ec300000,0x00000000ec880000)
  to   space 7168K, 0% used [0x00000000ec980000,0x00000000ec980000,0x00000000ed080000)
 ParOldGen       total 68608K, used 17155K [0x00000000c0000000, 0x00000000c4300000, 0x00000000eab00000)
  object space 68608K, 25% used [0x00000000c0000000,0x00000000c10c0f10,0x00000000c4300000)
 Metaspace       used 33868K, capacity 35528K, committed 35752K, reserved 1081344K
  class space    used 3367K, capacity 3815K, committed 3840K, reserved 1048576K

Card table byte_map: [0x00000000123c0000,0x00000000125d0000] byte_map_base: 0x0000000011dc0000

Marking Bits: (ParMarkBitMap*) 0x0000000054ccaf90
 Begin Bits: [0x0000000012b30000, 0x0000000013b30000)
 End Bits:   [0x0000000013b30000, 0x0000000014b30000)

Polling page: 0x0000000001070000

CodeCache: size=245760Kb used=11435Kb max_used=11435Kb free=234324Kb
 bounds [0x0000000003000000, 0x0000000003b40000, 0x0000000012000000]
 total_blobs=3756 nmethods=3202 adapters=465
 compilation: enabled

Compilation events (10 events):
Event: 517.129 Thread 0x0000000016e42800 nmethod 3610 0x0000000003b31690 code [0x0000000003b31820, 0x0000000003b31d48]
Event: 517.129 Thread 0x0000000016e42800 3611       3       sun.security.util.math.intpoly.IntegerPolynomial$MutableElement::setProduct (28 bytes)
Event: 517.129 Thread 0x0000000016e42800 nmethod 3611 0x0000000003b31fd0 code [0x0000000003b32160, 0x0000000003b32628]
Event: 517.129 Thread 0x0000000016e42800 3613       3       sun.security.util.math.intpoly.IntegerPolynomial$MutableElement::setReduced (5 bytes)
Event: 517.129 Thread 0x0000000016e42800 nmethod 3613 0x0000000003b32810 code [0x0000000003b32980, 0x0000000003b32c28]
Event: 517.129 Thread 0x0000000016e42800 3614       3       sun.security.util.math.intpoly.IntegerPolynomial$MutableElement::setReduced (18 bytes)
Event: 517.129 Thread 0x0000000016e42800 nmethod 3614 0x0000000003b32d10 code [0x0000000003b32e80, 0x0000000003b330a8]
Event: 517.129 Thread 0x0000000016e42800 3615       3       sun.security.ec.point.ProjectivePoint$Mutable::conditionalSet (29 bytes)
Event: 517.130 Thread 0x0000000016e42800 nmethod 3615 0x0000000003b33150 code [0x0000000003b332e0, 0x0000000003b336f8]
Event: 517.130 Thread 0x0000000016e42800 3616       3       sun.security.ec.point.ProjectivePoint$Mutable::conditionalSet (53 bytes)

GC Heap History (10 events):
Event: 129.916 GC heap before
{Heap before GC invocations=9 (full 1):
 PSYoungGen      total 29696K, used 29673K [0x00000000eab00000, 0x00000000ed780000, 0x0000000100000000)
  eden space 26112K, 100% used [0x00000000eab00000,0x00000000ec480000,0x00000000ec480000)
  from space 3584K, 99% used [0x00000000ec500000,0x00000000ec87a698,0x00000000ec880000)
  to   space 9728K, 0% used [0x00000000ece00000,0x00000000ece00000,0x00000000ed780000)
 ParOldGen       total 68608K, used 13032K [0x00000000c0000000, 0x00000000c4300000, 0x00000000eab00000)
  object space 68608K, 18% used [0x00000000c0000000,0x00000000c0cba158,0x00000000c4300000)
 Metaspace       used 31019K, capacity 32506K, committed 32768K, reserved 1079296K
  class space    used 3089K, capacity 3506K, committed 3584K, reserved 1048576K
Event: 129.921 GC heap after
Heap after GC invocations=9 (full 1):
 PSYoungGen      total 29696K, used 4049K [0x00000000eab00000, 0x00000000ed200000, 0x0000000100000000)
  eden space 25600K, 0% used [0x00000000eab00000,0x00000000eab00000,0x00000000ec400000)
  from space 4096K, 98% used [0x00000000ece00000,0x00000000ed1f4568,0x00000000ed200000)
  to   space 5632K, 0% used [0x00000000ec700000,0x00000000ec700000,0x00000000ecc80000)
 ParOldGen       total 68608K, used 13040K [0x00000000c0000000, 0x00000000c4300000, 0x00000000eab00000)
  object space 68608K, 19% used [0x00000000c0000000,0x00000000c0cbc158,0x00000000c4300000)
 Metaspace       used 31019K, capacity 32506K, committed 32768K, reserved 1079296K
  class space    used 3089K, capacity 3506K, committed 3584K, reserved 1048576K
}
Event: 515.864 GC heap before
{Heap before GC invocations=10 (full 1):
 PSYoungGen      total 29696K, used 29649K [0x00000000eab00000, 0x00000000ed200000, 0x0000000100000000)
  eden space 25600K, 100% used [0x00000000eab00000,0x00000000ec400000,0x00000000ec400000)
  from space 4096K, 98% used [0x00000000ece00000,0x00000000ed1f4568,0x00000000ed200000)
  to   space 5632K, 0% used [0x00000000ec700000,0x00000000ec700000,0x00000000ecc80000)
 ParOldGen       total 68608K, used 13040K [0x00000000c0000000, 0x00000000c4300000, 0x00000000eab00000)
  object space 68608K, 19% used [0x00000000c0000000,0x00000000c0cbc158,0x00000000c4300000)
 Metaspace       used 32023K, capacity 33522K, committed 33920K, reserved 1079296K
  class space    used 3181K, capacity 3646K, committed 3712K, reserved 1048576K
Event: 515.872 GC heap after
Heap after GC invocations=10 (full 1):
 PSYoungGen      total 30720K, used 5504K [0x00000000eab00000, 0x00000000ecf80000, 0x0000000100000000)
  eden space 25088K, 0% used [0x00000000eab00000,0x00000000eab00000,0x00000000ec380000)
  from space 5632K, 97% used [0x00000000ec700000,0x00000000ecc60108,0x00000000ecc80000)
  to   space 3072K, 0% used [0x00000000ecc80000,0x00000000ecc80000,0x00000000ecf80000)
 ParOldGen       total 68608K, used 13048K [0x00000000c0000000, 0x00000000c4300000, 0x00000000eab00000)
  object space 68608K, 19% used [0x00000000c0000000,0x00000000c0cbe158,0x00000000c4300000)
 Metaspace       used 32023K, capacity 33522K, committed 33920K, reserved 1079296K
  class space    used 3181K, capacity 3646K, committed 3712K, reserved 1048576K
}
Event: 516.162 GC heap before
{Heap before GC invocations=11 (full 1):
 PSYoungGen      total 30720K, used 30592K [0x00000000eab00000, 0x00000000ecf80000, 0x0000000100000000)
  eden space 25088K, 100% used [0x00000000eab00000,0x00000000ec380000,0x00000000ec380000)
  from space 5632K, 97% used [0x00000000ec700000,0x00000000ecc60108,0x00000000ecc80000)
  to   space 3072K, 0% used [0x00000000ecc80000,0x00000000ecc80000,0x00000000ecf80000)
 ParOldGen       total 68608K, used 13048K [0x00000000c0000000, 0x00000000c4300000, 0x00000000eab00000)
  object space 68608K, 19% used [0x00000000c0000000,0x00000000c0cbe158,0x00000000c4300000)
 Metaspace       used 32789K, capacity 34332K, committed 34560K, reserved 1079296K
  class space    used 3263K, capacity 3717K, committed 3840K, reserved 1048576K
Event: 516.180 GC heap after
Heap after GC invocations=11 (full 1):
 PSYoungGen      total 27648K, used 3044K [0x00000000eab00000, 0x00000000ed600000, 0x0000000100000000)
  eden space 24576K, 0% used [0x00000000eab00000,0x00000000eab00000,0x00000000ec300000)
  from space 3072K, 99% used [0x00000000ecc80000,0x00000000ecf79380,0x00000000ecf80000)
  to   space 9728K, 0% used [0x00000000ec300000,0x00000000ec300000,0x00000000ecc80000)
 ParOldGen       total 68608K, used 18749K [0x00000000c0000000, 0x00000000c4300000, 0x00000000eab00000)
  object space 68608K, 27% used [0x00000000c0000000,0x00000000c124f4d0,0x00000000c4300000)
 Metaspace       used 32789K, capacity 34332K, committed 34560K, reserved 1079296K
  class space    used 3263K, capacity 3717K, committed 3840K, reserved 1048576K
}
Event: 516.911 GC heap before
{Heap before GC invocations=12 (full 1):
 PSYoungGen      total 27648K, used 16932K [0x00000000eab00000, 0x00000000ed600000, 0x0000000100000000)
  eden space 24576K, 56% used [0x00000000eab00000,0x00000000eb88fe08,0x00000000ec300000)
  from space 3072K, 99% used [0x00000000ecc80000,0x00000000ecf79380,0x00000000ecf80000)
  to   space 9728K, 0% used [0x00000000ec300000,0x00000000ec300000,0x00000000ecc80000)
 ParOldGen       total 68608K, used 18749K [0x00000000c0000000, 0x00000000c4300000, 0x00000000eab00000)
  object space 68608K, 27% used [0x00000000c0000000,0x00000000c124f4d0,0x00000000c4300000)
 Metaspace       used 33836K, capacity 35336K, committed 35496K, reserved 1081344K
  class space    used 3363K, capacity 3815K, committed 3840K, reserved 1048576K
Event: 516.930 GC heap after
Heap after GC invocations=12 (full 1):
 PSYoungGen      total 29696K, used 5610K [0x00000000eab00000, 0x00000000ed080000, 0x0000000100000000)
  eden space 24064K, 0% used [0x00000000eab00000,0x00000000eab00000,0x00000000ec280000)
  from space 5632K, 99% used [0x00000000ec300000,0x00000000ec87aa68,0x00000000ec880000)
  to   space 7168K, 0% used [0x00000000ec980000,0x00000000ec980000,0x00000000ed080000)
 ParOldGen       total 68608K, used 18925K [0x00000000c0000000, 0x00000000c4300000, 0x00000000eab00000)
  object space 68608K, 27% used [0x00000000c0000000,0x00000000c127b500,0x00000000c4300000)
 Metaspace       used 33836K, capacity 35336K, committed 35496K, reserved 1081344K
  class space    used 3363K, capacity 3815K, committed 3840K, reserved 1048576K
}
Event: 516.931 GC heap before
{Heap before GC invocations=13 (full 2):
 PSYoungGen      total 29696K, used 5610K [0x00000000eab00000, 0x00000000ed080000, 0x0000000100000000)
  eden space 24064K, 0% used [0x00000000eab00000,0x00000000eab00000,0x00000000ec280000)
  from space 5632K, 99% used [0x00000000ec300000,0x00000000ec87aa68,0x00000000ec880000)
  to   space 7168K, 0% used [0x00000000ec980000,0x00000000ec980000,0x00000000ed080000)
 ParOldGen       total 68608K, used 18925K [0x00000000c0000000, 0x00000000c4300000, 0x00000000eab00000)
  object space 68608K, 27% used [0x00000000c0000000,0x00000000c127b500,0x00000000c4300000)
 Metaspace       used 33836K, capacity 35336K, committed 35496K, reserved 1081344K
  class space    used 3363K, capacity 3815K, committed 3840K, reserved 1048576K
Event: 517.106 GC heap after
Heap after GC invocations=13 (full 2):
 PSYoungGen      total 29696K, used 0K [0x00000000eab00000, 0x00000000ed080000, 0x0000000100000000)
  eden space 24064K, 0% used [0x00000000eab00000,0x00000000eab00000,0x00000000ec280000)
  from space 5632K, 0% used [0x00000000ec300000,0x00000000ec300000,0x00000000ec880000)
  to   space 7168K, 0% used [0x00000000ec980000,0x00000000ec980000,0x00000000ed080000)
 ParOldGen       total 68608K, used 17155K [0x00000000c0000000, 0x00000000c4300000, 0x00000000eab00000)
  object space 68608K, 25% used [0x00000000c0000000,0x00000000c10c0f10,0x00000000c4300000)
 Metaspace       used 33836K, capacity 35336K, committed 35496K, reserved 1081344K
  class space    used 3363K, capacity 3815K, committed 3840K, reserved 1048576K
}

Deoptimization events (10 events):
Event: 515.599 Thread 0x000000001893c000 Uncommon trap: reason=bimorphic action=maybe_recompile pc=0x00000000033a2f48 method=java.util.Collections$UnmodifiableCollection$1.hasNext()Z @ 4
Event: 515.599 Thread 0x000000001893c000 Uncommon trap: reason=bimorphic action=maybe_recompile pc=0x00000000033edc48 method=java.util.Collections$UnmodifiableCollection$1.next()Ljava/lang/Object; @ 4
Event: 515.599 Thread 0x000000001893c000 Uncommon trap: reason=bimorphic action=maybe_recompile pc=0x00000000033a2f48 method=java.util.Collections$UnmodifiableCollection$1.hasNext()Z @ 4
Event: 515.599 Thread 0x000000001893c000 Uncommon trap: reason=bimorphic action=maybe_recompile pc=0x00000000033edc48 method=java.util.Collections$UnmodifiableCollection$1.next()Ljava/lang/Object; @ 4
Event: 515.637 Thread 0x000000001893c000 Uncommon trap: reason=unstable_if action=reinterpret pc=0x0000000003655d58 method=java.util.regex.Pattern$BmpCharProperty.match(Ljava/util/regex/Matcher;ILjava/lang/CharSequence;)Z @ 5
Event: 515.872 Thread 0x0000000002ff1800 Uncommon trap: reason=unstable_if action=reinterpret pc=0x000000000349d778 method=java.lang.ref.Reference.tryHandlePending(Z)Z @ 20
Event: 515.877 Thread 0x000000001893d000 Uncommon trap: reason=null_check action=make_not_entrant pc=0x000000000386fcec method=org.eclipse.jdt.internal.core.util.WeakHashSet.add(Ljava/lang/Object;)Ljava/lang/Object; @ 32
Event: 515.898 Thread 0x000000001893c000 Uncommon trap: reason=class_check action=maybe_recompile pc=0x0000000003451d74 method=java.lang.StringCoding$StringDecoder.decode([BII)[C @ 30
Event: 515.942 Thread 0x000000001893c000 Uncommon trap: reason=class_check action=maybe_recompile pc=0x0000000003451d74 method=java.lang.StringCoding$StringDecoder.decode([BII)[C @ 30
Event: 515.952 Thread 0x000000001893c000 Uncommon trap: reason=class_check action=maybe_recompile pc=0x0000000003451d74 method=java.lang.StringCoding$StringDecoder.decode([BII)[C @ 30

Classes redefined (0 events):
No events

Internal exceptions (10 events):
Event: 505.082 Thread 0x000000001893c000 Exception <a 'java/lang/ArrayIndexOutOfBoundsException'> (0x00000000eb83ddc0) thrown at [C:\jenkins\workspace\8-2-build-windows-amd64-cygwin\jdk8u251\737\hotspot\src\share\vm\runtime\sharedRuntime.cpp, line 605]
Event: 505.082 Thread 0x000000001893c000 Exception <a 'java/lang/ArrayIndexOutOfBoundsException'> (0x00000000eb83dff8) thrown at [C:\jenkins\workspace\8-2-build-windows-amd64-cygwin\jdk8u251\737\hotspot\src\share\vm\runtime\sharedRuntime.cpp, line 605]
Event: 512.163 Thread 0x000000001893c000 Exception <a 'java/lang/ArrayIndexOutOfBoundsException'> (0x00000000eb8ea730) thrown at [C:\jenkins\workspace\8-2-build-windows-amd64-cygwin\jdk8u251\737\hotspot\src\share\vm\runtime\sharedRuntime.cpp, line 605]
Event: 512.163 Thread 0x000000001893c000 Exception <a 'java/lang/ArrayIndexOutOfBoundsException'> (0x00000000eb8ea968) thrown at [C:\jenkins\workspace\8-2-build-windows-amd64-cygwin\jdk8u251\737\hotspot\src\share\vm\runtime\sharedRuntime.cpp, line 605]
Event: 514.526 Thread 0x000000001893c000 Exception <a 'java/lang/ArrayIndexOutOfBoundsException'> (0x00000000eb932508) thrown at [C:\jenkins\workspace\8-2-build-windows-amd64-cygwin\jdk8u251\737\hotspot\src\share\vm\runtime\sharedRuntime.cpp, line 605]
Event: 515.490 Thread 0x000000001893c000 Exception <a 'java/lang/ArrayIndexOutOfBoundsException'> (0x00000000eb96adc8) thrown at [C:\jenkins\workspace\8-2-build-windows-amd64-cygwin\jdk8u251\737\hotspot\src\share\vm\runtime\sharedRuntime.cpp, line 605]
Event: 515.823 Thread 0x000000001893d000 Exception <a 'java/lang/ArrayIndexOutOfBoundsException'> (0x00000000ebdc8b10) thrown at [C:\jenkins\workspace\8-2-build-windows-amd64-cygwin\jdk8u251\737\hotspot\src\share\vm\runtime\sharedRuntime.cpp, line 605]
Event: 515.876 Thread 0x000000001893d000 Implicit null exception at 0x000000000386bf45 to 0x000000000386fcbd
Event: 516.574 Thread 0x000000001893d000 Exception <a 'java/lang/ArrayIndexOutOfBoundsException'> (0x00000000eb66ade0) thrown at [C:\jenkins\workspace\8-2-build-windows-amd64-cygwin\jdk8u251\737\hotspot\src\share\vm\runtime\sharedRuntime.cpp, line 605]
Event: 517.113 Thread 0x000000001893d000 Exception <a 'java/lang/ArrayIndexOutOfBoundsException'> (0x00000000eab655e8) thrown at [C:\jenkins\workspace\8-2-build-windows-amd64-cygwin\jdk8u251\737\hotspot\src\share\vm\runtime\sharedRuntime.cpp, line 605]

Events (10 events):
Event: 517.108 Executing VM operation: RevokeBias done
Event: 517.108 Executing VM operation: BulkRevokeBias
Event: 517.108 Executing VM operation: BulkRevokeBias done
Event: 517.108 Thread 0x0000000016e42800 flushing nmethod 0x0000000003167d10
Event: 517.109 loading class sun/security/ec/point/ProjectivePoint$Mutable
Event: 517.109 loading class sun/security/ec/point/ProjectivePoint$Mutable done
Event: 517.111 loading class sun/security/ec/point/MutablePoint
Event: 517.111 loading class sun/security/ec/point/MutablePoint done
Event: 517.112 Thread 0x0000000016e42800 flushing nmethod 0x00000000031faa50
Event: 517.120 Thread 0x0000000016e42800 flushing nmethod 0x0000000003706bd0


Dynamic libraries:
0x00007ff7e1a80000 - 0x00007ff7e1ab7000 	C:\Program Files\Java\jdk1.8.0_251\bin\java.exe
0x00007ffd53ff0000 - 0x00007ffd541e4000 	C:\WINDOWS\SYSTEM32\ntdll.dll
0x00007ffd521c0000 - 0x00007ffd5227d000 	C:\WINDOWS\System32\KERNEL32.DLL
0x00007ffd517f0000 - 0x00007ffd51ab7000 	C:\WINDOWS\System32\KERNELBASE.dll
0x00007ffd53d10000 - 0x00007ffd53dba000 	C:\WINDOWS\System32\ADVAPI32.dll
0x00007ffd52120000 - 0x00007ffd521be000 	C:\WINDOWS\System32\msvcrt.dll
0x00007ffd53540000 - 0x00007ffd535db000 	C:\WINDOWS\System32\sechost.dll
0x00007ffd535f0000 - 0x00007ffd53713000 	C:\WINDOWS\System32\RPCRT4.dll
0x00007ffd532a0000 - 0x00007ffd53440000 	C:\WINDOWS\System32\USER32.dll
0x00007ffd51ed0000 - 0x00007ffd51ef2000 	C:\WINDOWS\System32\win32u.dll
0x00007ffd53090000 - 0x00007ffd530ba000 	C:\WINDOWS\System32\GDI32.dll
0x00007ffd51dc0000 - 0x00007ffd51eca000 	C:\WINDOWS\System32\gdi32full.dll
0x00007ffd51ac0000 - 0x00007ffd51b5d000 	C:\WINDOWS\System32\msvcp_win.dll
0x00007ffd51b90000 - 0x00007ffd51c90000 	C:\WINDOWS\System32\ucrtbase.dll
0x00007ffd36e70000 - 0x00007ffd3710a000 	C:\WINDOWS\WinSxS\amd64_microsoft.windows.common-controls_6595b64144ccf1df_6.0.19041.1_none_b555e41d4684ddec\COMCTL32.dll
0x00007ffd53c30000 - 0x00007ffd53c60000 	C:\WINDOWS\System32\IMM32.DLL
0x0000000054d50000 - 0x0000000054e22000 	C:\Program Files\Java\jdk1.8.0_251\jre\bin\msvcr100.dll
0x00000000544a0000 - 0x0000000054d4b000 	C:\Program Files\Java\jdk1.8.0_251\jre\bin\server\jvm.dll
0x00007ffd53140000 - 0x00007ffd53148000 	C:\WINDOWS\System32\PSAPI.DLL
0x00007ffd4c9f0000 - 0x00007ffd4c9f9000 	C:\WINDOWS\SYSTEM32\WSOCK32.dll
0x00007ffd53440000 - 0x00007ffd534ab000 	C:\WINDOWS\System32\WS2_32.dll
0x00007ffd3e850000 - 0x00007ffd3e877000 	C:\WINDOWS\SYSTEM32\WINMM.dll
0x00007ffd48670000 - 0x00007ffd4867a000 	C:\WINDOWS\SYSTEM32\VERSION.dll
0x00007ffd4c3e0000 - 0x00007ffd4c3ef000 	C:\Program Files\Java\jdk1.8.0_251\jre\bin\verify.dll
0x00007ffd47900000 - 0x00007ffd47929000 	C:\Program Files\Java\jdk1.8.0_251\jre\bin\java.dll
0x00007ffd4c0c0000 - 0x00007ffd4c0d6000 	C:\Program Files\Java\jdk1.8.0_251\jre\bin\zip.dll
0x00007ffd52480000 - 0x00007ffd52bb5000 	C:\WINDOWS\System32\SHELL32.dll
0x00007ffd4f8f0000 - 0x00007ffd5007f000 	C:\WINDOWS\SYSTEM32\windows.storage.dll
0x00007ffd538d0000 - 0x00007ffd53c23000 	C:\WINDOWS\System32\combase.dll
0x00007ffd511c0000 - 0x00007ffd511eb000 	C:\WINDOWS\SYSTEM32\Wldp.dll
0x00007ffd53c60000 - 0x00007ffd53d0e000 	C:\WINDOWS\System32\SHCORE.dll
0x00007ffd52bc0000 - 0x00007ffd52c15000 	C:\WINDOWS\System32\shlwapi.dll
0x00007ffd51680000 - 0x00007ffd5169f000 	C:\WINDOWS\SYSTEM32\profapi.dll
0x00007ffd477e0000 - 0x00007ffd477fa000 	C:\Program Files\Java\jdk1.8.0_251\jre\bin\net.dll
0x00007ffd50f40000 - 0x00007ffd50faa000 	C:\WINDOWS\system32\mswsock.dll
0x00007ffd47750000 - 0x00007ffd47762000 	C:\Program Files\Java\jdk1.8.0_251\jre\bin\nio.dll
0x00007ffd51110000 - 0x00007ffd51128000 	C:\WINDOWS\SYSTEM32\CRYPTSP.dll
0x00007ffd50860000 - 0x00007ffd50894000 	C:\WINDOWS\system32\rsaenh.dll
0x00007ffd51b60000 - 0x00007ffd51b87000 	C:\WINDOWS\System32\bcrypt.dll
0x00007ffd51600000 - 0x00007ffd5162e000 	C:\WINDOWS\SYSTEM32\USERENV.dll
0x00007ffd51ce0000 - 0x00007ffd51d5f000 	C:\WINDOWS\System32\bcryptprimitives.dll
0x00007ffd51130000 - 0x00007ffd5113c000 	C:\WINDOWS\SYSTEM32\CRYPTBASE.dll
0x00007ffd50be0000 - 0x00007ffd50c1b000 	C:\WINDOWS\SYSTEM32\IPHLPAPI.DLL
0x00007ffd535e0000 - 0x00007ffd535e9000 	C:\WINDOWS\System32\NSI.dll
0x00007ffd49670000 - 0x00007ffd49687000 	C:\WINDOWS\SYSTEM32\dhcpcsvc6.DLL
0x00007ffd4a0e0000 - 0x00007ffd4a0fd000 	C:\WINDOWS\SYSTEM32\dhcpcsvc.DLL
0x00007ffd50c30000 - 0x00007ffd50cfa000 	C:\WINDOWS\SYSTEM32\DNSAPI.dll
0x00007ffd2d940000 - 0x00007ffd2d969000 	C:\Users\igorc\AppData\Roaming\Code\User\globalStorage\redhat.java\0.64.1\config_ss_win\org.eclipse.equinox.launcher\org.eclipse.equinox.launcher.win32.win32.x86_64_1.1.1200.v20200508-1552\eclipse_11000.dll
0x00007ffd41900000 - 0x00007ffd41924000 	C:\Program Files\Java\jdk1.8.0_251\jre\bin\sunec.dll
0x00007ffd4c470000 - 0x00007ffd4c47c000 	C:\Program Files\Java\jdk1.8.0_251\jre\bin\sunmscapi.dll
0x00007ffd51f00000 - 0x00007ffd5205d000 	C:\WINDOWS\System32\CRYPT32.dll
0x00007ffd51230000 - 0x00007ffd51257000 	C:\WINDOWS\SYSTEM32\ncrypt.dll
0x00007ffd511f0000 - 0x00007ffd5122b000 	C:\WINDOWS\SYSTEM32\NTASN1.dll
0x00007ffd47220000 - 0x00007ffd4722a000 	C:\Windows\System32\rasadhlp.dll
0x00007ffd48180000 - 0x00007ffd481ff000 	C:\WINDOWS\System32\fwpuclnt.dll

VM Arguments:
jvm_args: -Declipse.application=org.eclipse.jdt.ls.core.id1 -Dosgi.bundles.defaultStartLevel=4 -Declipse.product=org.eclipse.jdt.ls.core.product -Dfile.encoding=utf8 -DwatchParentProcess=false -XX:+UseParallelGC -XX:GCTimeRatio=4 -XX:AdaptiveSizePolicyWeight=90 -Dsun.zip.disableMemoryMapping=true -Xmx1G -Xms100m -Xverify:none 
java_command: c:\Users\igorc\.vscode\extensions\redhat.java-0.64.1\server\plugins\org.eclipse.equinox.launcher_1.5.700.v20200207-2156.jar -configuration c:\Users\igorc\AppData\Roaming\Code\User\globalStorage\redhat.java\0.64.1\config_ss_win -data c:\Users\igorc\AppData\Roaming\Code\User\workspaceStorage\846015a70527964c0ff6d639420281ed\redhat.java\ss_ws
java_class_path (initial): c:\Users\igorc\.vscode\extensions\redhat.java-0.64.1\server\plugins\org.eclipse.equinox.launcher_1.5.700.v20200207-2156.jar
Launcher Type: SUN_STANDARD

Environment Variables:
JAVA_HOME=C:\Program Files\Java\jdk1.8.0_251
PATH=C:\ProgramData\Oracle\Java\javapath;C:\WINDOWS\system32;C:\WINDOWS;C:\WINDOWS\System32\Wbem;C:\WINDOWS\System32\WindowsPowerShell\v1.0\;C:\WINDOWS\System32\OpenSSH\;C:\Program Files\Git\cmd;C:\Users\igorc\AppData\Local\Microsoft\WindowsApps;;C:\Users\igorc\AppData\Local\Programs\Microsoft VS Code\bin
USERNAME=Igor Cavalcanti
OS=Windows_NT
PROCESSOR_IDENTIFIER=Intel64 Family 6 Model 42 Stepping 7, GenuineIntel



---------------  S Y S T E M  ---------------

OS: Windows 10.0 , 64 bit Build 19041 (10.0.19041.292)

CPU:total 4 (initial active 4) (2 cores per cpu, 2 threads per core) family 6 model 42 stepping 7, cmov, cx8, fxsr, mmx, sse, sse2, sse3, ssse3, sse4.1, sse4.2, popcnt, avx, clmul, ht, tsc, tscinvbit

Memory: 4k page, physical 4003940k(315680k free), swap 5619912k(5688k free)

vm_info: Java HotSpot(TM) 64-Bit Server VM (25.251-b08) for windows-amd64 JRE (1.8.0_251-b08), built on Mar 12 2020 06:31:49 by "" with MS VC++ 10.0 (VS2010)

time: Thu Jul 16 19:20:49 2020
timezone: Hora Padrão de Buenos Aires
elapsed time: 517 seconds (0d 0h 8m 37s)

